  [1m[36m (0.1ms)[0m  [1mselect sqlite_version(*)[0m
  [1m[35m (1.2ms)[0m  CREATE TABLE "schema_migrations" ("version" varchar(255) NOT NULL) 
  [1m[36m (0.0ms)[0m  [1mPRAGMA index_list("schema_migrations")[0m
  [1m[35m (1.7ms)[0m  CREATE UNIQUE INDEX "unique_schema_migrations" ON "schema_migrations" ("version")
  [1m[36m (0.1ms)[0m  [1mSELECT "schema_migrations"."version" FROM "schema_migrations" [0m
Migrating to CreateGoogleSafeBrowsingTables (20120227221350)
  [1m[35m (0.3ms)[0m  CREATE TABLE "gsb_full_hashes" ("id" INTEGER PRIMARY KEY AUTOINCREMENT NOT NULL, "full_hash" varchar(255), "add_chunk_number" integer, "list" varchar(255)) 
  [1m[36m (0.0ms)[0m  [1mPRAGMA index_list("gsb_full_hashes")[0m
  [1m[35m (0.1ms)[0m  CREATE INDEX "index_gsb_full_hashes_on_full_hash" ON "gsb_full_hashes" ("full_hash")
  [1m[36m (0.1ms)[0m  [1mCREATE TABLE "gsb_add_shavars" ("id" INTEGER PRIMARY KEY AUTOINCREMENT NOT NULL, "prefix" varchar(255), "host_key" varchar(255), "chunk_number" integer NOT NULL, "list" varchar(255) NOT NULL) [0m
  [1m[35m (0.0ms)[0m  PRAGMA index_list("gsb_add_shavars")
  [1m[36m (0.1ms)[0m  [1mCREATE INDEX "index_gsb_add_shavars_on_host_key" ON "gsb_add_shavars" ("host_key")[0m
  [1m[35m (0.0ms)[0m  PRAGMA index_list("gsb_add_shavars")
  [1m[36m (0.0ms)[0m  [1mPRAGMA index_info('index_gsb_add_shavars_on_host_key')[0m
  [1m[35m (0.1ms)[0m  CREATE INDEX "index_gsb_add_shavars_on_host_key_and_prefix" ON "gsb_add_shavars" ("host_key", "prefix")
  [1m[36m (0.1ms)[0m  [1mCREATE TABLE "gsb_sub_shavars" ("id" INTEGER PRIMARY KEY AUTOINCREMENT NOT NULL, "prefix" varchar(255), "host_key" varchar(255), "add_chunk_number" integer, "chunk_number" integer NOT NULL, "list" varchar(255) NOT NULL) [0m
  [1m[35m (0.0ms)[0m  PRAGMA index_list("gsb_sub_shavars")
  [1m[36m (0.1ms)[0m  [1mCREATE INDEX "index_gsb_sub_shavars_on_host_key" ON "gsb_sub_shavars" ("host_key")[0m
  [1m[35m (0.0ms)[0m  PRAGMA index_list("gsb_sub_shavars")
  [1m[36m (0.0ms)[0m  [1mPRAGMA index_info('index_gsb_sub_shavars_on_host_key')[0m
  [1m[35m (0.1ms)[0m  CREATE INDEX "index_gsb_sub_shavars_on_host_key_and_prefix" ON "gsb_sub_shavars" ("host_key", "prefix")
  [1m[36m (0.1ms)[0m  [1mINSERT INTO "schema_migrations" ("version") VALUES ('20120227221350')[0m
  [1m[35m (0.0ms)[0m  select sqlite_version(*)
  [1m[36m (0.1ms)[0m  [1mSELECT "schema_migrations"."version" FROM "schema_migrations" [0m
  [1m[35m (0.0ms)[0m  PRAGMA index_list("gsb_add_shavars")
  [1m[36m (0.0ms)[0m  [1mPRAGMA index_info('index_gsb_add_shavars_on_host_key_and_prefix')[0m
  [1m[35m (0.0ms)[0m  PRAGMA index_info('index_gsb_add_shavars_on_host_key')
  [1m[36m (0.0ms)[0m  [1mPRAGMA index_list("gsb_full_hashes")[0m
  [1m[35m (0.0ms)[0m  PRAGMA index_info('index_gsb_full_hashes_on_full_hash')
  [1m[36m (0.0ms)[0m  [1mPRAGMA index_list("gsb_sub_shavars")[0m
  [1m[35m (0.0ms)[0m  PRAGMA index_info('index_gsb_sub_shavars_on_host_key_and_prefix')
  [1m[36m (0.0ms)[0m  [1mPRAGMA index_info('index_gsb_sub_shavars_on_host_key')[0m
  [1m[36m (0.1ms)[0m  [1mSELECT "schema_migrations"."version" FROM "schema_migrations" [0m
  [1m[35m (0.1ms)[0m  select sqlite_version(*)
  [1m[36m (0.9ms)[0m  [1mCREATE TABLE "gsb_add_shavars" ("id" INTEGER PRIMARY KEY AUTOINCREMENT NOT NULL, "prefix" varchar(255), "host_key" varchar(255), "chunk_number" integer NOT NULL, "list" varchar(255) NOT NULL) [0m
  [1m[35m (0.0ms)[0m  PRAGMA index_list("gsb_add_shavars")
  [1m[36m (1.1ms)[0m  [1mCREATE INDEX "index_gsb_add_shavars_on_host_key_and_prefix" ON "gsb_add_shavars" ("host_key", "prefix")[0m
  [1m[35m (0.0ms)[0m  PRAGMA index_list("gsb_add_shavars")
  [1m[36m (0.0ms)[0m  [1mPRAGMA index_info('index_gsb_add_shavars_on_host_key_and_prefix')[0m
  [1m[35m (0.8ms)[0m  CREATE INDEX "index_gsb_add_shavars_on_host_key" ON "gsb_add_shavars" ("host_key")
  [1m[36m (0.9ms)[0m  [1mCREATE TABLE "gsb_full_hashes" ("id" INTEGER PRIMARY KEY AUTOINCREMENT NOT NULL, "full_hash" varchar(255), "add_chunk_number" integer, "list" varchar(255)) [0m
  [1m[35m (0.0ms)[0m  PRAGMA index_list("gsb_full_hashes")
  [1m[36m (0.5ms)[0m  [1mCREATE INDEX "index_gsb_full_hashes_on_full_hash" ON "gsb_full_hashes" ("full_hash")[0m
  [1m[35m (0.7ms)[0m  CREATE TABLE "gsb_sub_shavars" ("id" INTEGER PRIMARY KEY AUTOINCREMENT NOT NULL, "prefix" varchar(255), "host_key" varchar(255), "add_chunk_number" integer, "chunk_number" integer NOT NULL, "list" varchar(255) NOT NULL) 
  [1m[36m (0.0ms)[0m  [1mPRAGMA index_list("gsb_sub_shavars")[0m
  [1m[35m (0.7ms)[0m  CREATE INDEX "index_gsb_sub_shavars_on_host_key_and_prefix" ON "gsb_sub_shavars" ("host_key", "prefix")
  [1m[36m (0.0ms)[0m  [1mPRAGMA index_list("gsb_sub_shavars")[0m
  [1m[35m (0.0ms)[0m  PRAGMA index_info('index_gsb_sub_shavars_on_host_key_and_prefix')
  [1m[36m (0.8ms)[0m  [1mCREATE INDEX "index_gsb_sub_shavars_on_host_key" ON "gsb_sub_shavars" ("host_key")[0m
  [1m[35m (0.7ms)[0m  CREATE TABLE "schema_migrations" ("version" varchar(255) NOT NULL) 
  [1m[36m (0.0ms)[0m  [1mPRAGMA index_list("schema_migrations")[0m
  [1m[35m (0.5ms)[0m  CREATE UNIQUE INDEX "unique_schema_migrations" ON "schema_migrations" ("version")
  [1m[36m (0.1ms)[0m  [1mSELECT version FROM "schema_migrations"[0m
  [1m[35m (0.8ms)[0m  INSERT INTO "schema_migrations" (version) VALUES ('20120227221350')
